2024-09-01 17:05:50,747 - INFO - Connected to database: C:/Users/Lenovo/Documents/GitHub/AvizoSecure/AvizoSecure/MyProject.avzo
2024-09-01 17:10:32,494 - INFO - Connected to database: C:/Users/Lenovo/Documents/GitHub/AvizoSecure/AvizoSecure/MyProject.avzo
2024-09-01 17:11:14,877 - INFO - Image 3 analyzed successfully.
2024-09-01 17:24:12,632 - ERROR - Database error while retrieving salt: no such column: salt
2024-09-01 17:24:20,511 - ERROR - Database error while retrieving salt: no such column: salt
2024-09-01 17:24:27,683 - INFO - NumExpr defaulting to 8 threads.
2024-09-01 18:52:09,276 - ERROR - Database error while retrieving salt: no such column: salt
2024-09-01 18:57:46,573 - WARNING - Registration was not completed.
2024-09-01 18:57:57,357 - ERROR - Database error while retrieving salt: no such column: salt
2024-09-01 18:59:08,730 - WARNING - Registration was not completed.
2024-09-01 19:12:02,249 - WARNING - Registration was not completed.
2024-09-01 19:18:53,915 - WARNING - Registration was not completed.
2024-09-01 19:20:17,073 - WARNING - Registration was not completed.
2024-09-01 19:43:27,652 - INFO - User registered successfully: v84v
2024-09-01 19:48:23,311 - WARNING - Failed login attempt for username: v84v
2024-09-01 19:48:30,886 - WARNING - Failed login attempt for username: v84v
2024-09-01 19:55:26,715 - WARNING - Failed login attempt for username: v84v
2024-09-01 19:57:53,670 - INFO - User registered successfully: v84v
2024-09-01 20:22:44,006 - WARNING - Failed login attempt for username: v84v
2024-09-01 20:22:47,374 - WARNING - Failed login attempt for username: v84v
2024-09-01 20:24:36,008 - WARNING - Registration was not completed.
2024-09-01 20:25:28,484 - WARNING - Registration was not completed.
2024-09-01 20:30:18,007 - WARNING - Registration was not completed.
2024-09-01 20:31:19,872 - WARNING - Registration was not completed.
2024-09-01 20:42:02,638 - INFO - User registered successfully: jmp637
2024-09-01 20:42:16,586 - WARNING - Failed login attempt for username: jmp637
2024-09-01 20:50:46,818 - WARNING - Registration was not completed.
2024-09-01 20:52:56,474 - WARNING - Registration was not completed.
2024-09-01 20:56:15,996 - WARNING - Registration was not completed.
2024-09-01 20:57:55,113 - WARNING - Registration was not completed.
2024-09-01 20:58:52,174 - INFO - User registered successfully: jmp637
2024-09-01 21:00:43,161 - INFO - User registered successfully: v84v
2024-09-01 21:03:32,247 - INFO - NumExpr defaulting to 8 threads.
2024-09-01 21:03:49,085 - WARNING - Registration was not completed.
2024-09-01 21:08:39,725 - INFO - Connected to database: C:/Users/Lenovo/Documents/GitHub/AvizoSecure/AvizoSecure/myFirstFile.avzo
2024-09-01 21:09:04,711 - INFO - Image 0 analyzed successfully.
2024-09-01 21:09:16,614 - INFO - Image 1 analyzed successfully.
2024-09-01 21:09:28,577 - INFO - Image 3 analyzed successfully.
2024-09-01 21:10:34,784 - INFO - User registered successfully: q5jc
2024-09-01 21:21:45,808 - INFO - Successful login: jmp637 - User Login
2024-09-01 21:21:45,883 - ERROR - Error during private key decryption: name 'Cipher' is not defined
2024-09-01 21:23:31,541 - INFO - NumExpr defaulting to 8 threads.
2024-09-01 21:23:42,616 - INFO - Successful login: jmp637 - User Login
2024-09-01 21:23:42,700 - ERROR - Error during private key decryption: name 'Cipher' is not defined
2024-09-01 21:42:06,554 - INFO - Successful login: jmp637 - User Login
2024-09-01 21:42:06,555 - ERROR - Error during private key decryption: salt must be bytes
2024-09-01 21:42:13,504 - INFO - Successful login: jmp637 - User Login
2024-09-01 21:42:13,505 - ERROR - Error during private key decryption: salt must be bytes
2024-09-01 21:44:46,140 - INFO - NumExpr defaulting to 8 threads.
2024-09-01 21:44:56,753 - INFO - Successful login: jmp637 - User Login
2024-09-01 21:44:56,753 - ERROR - Error during private key decryption: salt must be bytes
2024-09-01 21:45:32,568 - INFO - Successful login: jmp637 - User Login
2024-09-01 21:45:32,568 - ERROR - Error during private key decryption: salt must be bytes
2024-09-01 21:59:52,004 - INFO - User registered successfully: jmp637
2024-09-01 22:00:01,325 - INFO - Successful login: jmp637 - User Login
2024-09-01 22:00:01,400 - ERROR - Error during private key decryption: name 'Cipher' is not defined
2024-09-01 22:00:26,088 - INFO - Successful login: jmp637 - User Login
2024-09-01 22:00:26,164 - ERROR - Error during private key decryption: name 'Cipher' is not defined
2024-09-01 22:10:44,066 - INFO - Successful login: jmp637 - User Login
2024-09-01 22:10:44,141 - ERROR - Error during private key decryption: name 'Cipher' is not defined
2024-09-01 22:13:25,431 - INFO - Successful login: jmp637 - User Login
2024-09-01 22:13:25,506 - ERROR - Error during private key decryption: name 'Cipher' is not defined
2024-09-01 22:13:28,227 - INFO - Successful login: jmp637 - User Login
2024-09-01 22:13:28,302 - ERROR - Error during private key decryption: name 'Cipher' is not defined
2024-09-01 22:14:17,639 - INFO - Successful login: jmp637 - User Login
2024-09-01 22:14:36,722 - INFO - Digital signature for jmp637: 7a771557470bdbbea2f536f8639e3dd9f72fbc12ccb2dd88d2e63fa5b46b947508471bf26dd4a9d3792bdd2469dd7de88681bce7e9c718f2da2ca4263ad1eb2fed99a8b3ca26d2cdf2f2ec95fe7493beeb8f3022998974731ba656ffdb037bcf8d6adfd441fb55c3e1a5e7b68677b5bf5d06bd684acc81ffca8a73745021efd552aa49ea9770c520e599a4c105a20f9808238dabb267df065bf010427f82d5c3227b3deae86fa6bb7666b5b112da02f406dedb713578da36313e9b3762e60e5664efee63cea027bf77e9e1714f992172865edf742ece5bfba6fd374e49a92c50aff6f736d15795dd3e951a286677b0f06c20f47f2ad601813e41ac45f7b0884e
2024-09-01 22:31:11,825 - INFO - Successful login: jmp637 - User Login
2024-09-01 22:31:19,219 - INFO - Digital signature for jmp637: 40e5e9e55f66fd4e0f73f0256f35ecdb4fde70c913f25ad2b29fbd29419b93692164c0201c58b3fd4c3646b085d16debed3d6f1bcba36e7e81a831e964896dd48f94358041e50c50a00d6dedee0731134edbe1c6eb566fc8649c5c7ead8f9f1edd5d70ccbeefbc778976ea17fd8e4d31936f8c97118d15abc8b9ac9bc671dd52cafeefe1fedd25c48cdfb6191afefcadce09beb9b6c1342c513d3814927fc75c03565506c078e43fffb8d2800ee6aa2f19103b83376ea0a153f266e9a29c458233af6406322869f6687c29777aebb263979c403665f1dce7a42495af36f1d339c419a72404d18064909a059a262d8c8b8063840b761d55e4365fcaff8b5da471
2024-09-01 22:36:36,031 - INFO - Signed by jmp637 
 2024-09-01 22:36:36.031046 \ Reason: User Login
2024-09-01 22:36:52,683 - INFO - 3ca1d475d6918385bf035b22ec10ce902f277272fcf5ee60a13022bd65b2bc78cc46422e8e70470be6646a5af4ddf442d7b6824726744a7f0ce33f0e2d791ff8ad9b82e2b6307c6067de0acfeacfc241e193abd0824823370c5339ddc4f4b0e274cafdcd5e3419bb71589299abfa4081154ea0a4bb1a99bb51558b11eed672421289971e211c3c6a89d65cb3d3a27e82775297406ce09ae74c41af6af2782b5a4b7c1e269eed962ee86c9dfc0d34551dcf332b8762878702a754ff607652213feaaa2e8498834d27c0125ebd4814043bbddd63f3c55d7584b8e39ff8e6ed86395cc4f0b3548541fe2f877ca41d3b924703012526cf0a3a420e198a300c4257ea
2024-09-01 22:37:02,243 - INFO - Connected to database: C:/Users/Lenovo/Documents/GitHub/AvizoSecure/AvizoSecure/myFirstFile.avzo
2024-09-01 22:38:41,760 - INFO - Image 0 analyzed successfully.
2024-09-01 22:38:59,898 - INFO - Image 1 analyzed successfully.
2024-09-01 22:39:39,969 - INFO - Signed by jmp637 
 2024-09-01 22:39:39.969207 \ Reason: Data Reviewed
2024-09-01 22:39:45,874 - INFO - 08b8525457843d6e0e2d7767c51749e5462e0e22295d75be0f6838bfdd2852d5f24c749df7186ae2ed75492b323943af677d3853ed930397431b3e45e14a0c3d2303e1b05a42a7e351f1bb3ea22e12ade568451a03899d981f9d6148abc1bbdedae3ea1a605993a4a01eaa10bb52e9014aac5e7147709d3bf3d498a55ed2c7988ba7b9e561f37af169a4d9bf5d4729df8edbfa0ac4b4c395bac5b67ab30420bb98dcaccdd78fc205e14495818e6c1cf4264b9ffa7bb37179ca28b9ed89096bbfb2bfe4def300009cf6ba8a5b6f7957a3a3e2fe61ab30f1113eec6426716bf8f7122c4338854581a20ebf00ba1277051504c4d5f45ade01b30f17cf5020c95293
2024-09-01 22:44:37,315 - INFO - Signed by jmp637 
2024-09-01 22:44:37.313939 
Reason: User Login
2024-09-01 22:44:50,298 - INFO - 1ad347496673aadda1d913a3b5b3048b5abd2a7af42f75bbceca8e7c4cec01aad1a0b42eb35ef074a9bb91083eef6cd7ac635f501220170dcd23aa076815a7ce44da21fe2257fbca75d00b19745e788eb68aeacfead3a928a193ec4c594a3a3596a989c4dd62422e0977b0fecd1edb4cb4cfee4cac781cda57454f5e114cbefa336365ccec62903c9fee918b5162e9c25119422a071f1840d56eba2fde995d8ac51567d3b90d88f557dd31594b10312b4247bc5564a3066593a76bf6eeff97361b2ce9efcbb78b27eaa05bb9574477f5be01d434814226ed069ae152be7ecdd3a5ce889096b19822393d09fe23ca0478305f3b2ba830cbb5e3851477c3ac1136
2024-09-01 22:47:14,163 - INFO - Connected to database: C:/Users/Lenovo/Documents/GitHub/AvizoSecure/AvizoSecure/myFirstFile.avzo
2024-09-01 22:50:28,887 - INFO - Signed by jmp637 
2024-09-01 22:50:28.887986 
Reason: User Login
2024-09-01 22:50:40,126 - INFO - 77943f21920ce1c2a00f4e57500232b242b3337a309e9f54d2142d17d5e684c6cb36cc6bb09f1dc689a68faedb131212862ca1efd68c5347f13b02211a9192e625ccba1486e74e09449257e1c1db6e8053cb442a49225f42908b550ddb430605444e24658c93b65f273108a59caa4e9032de6e94a77352aa66028272f88615c63149722227ec1ed9bee7a6cd2ef2fa2bfd2a8bd34745a54b3b782b7238f095c752277a831f8fa229bbc267b9225b62298e507adac98439ac22003fd87ed39fe0f9aea6f88c5a0a5dc3cb27962323f6b505506d91d20ea4a0cf4d9b33dcbddc97ede467514fafcc471c538a20b2decf224c60a5cf81c5264a07bdebda8620ba0b
2024-09-01 22:51:27,304 - INFO - Connected to database: C:/Users/Lenovo/Documents/GitHub/AvizoSecure/AvizoSecure/myFirstFile.avzo
2024-09-01 22:52:51,985 - INFO - Signed by jmp637 
2024-09-01 22:52:51 
Reason: User Login
2024-09-01 22:52:55,791 - INFO - 0e8dd028b8139a3382dfa893d14de889a55e00aa48df554e3143a5cc9275b79683574508c83fc9154ed333618e42f3067f50df8128a0c751d095409ae23a43630c3764c94ab03f9d1259e6bc5ad6bd87a623bc5c78aa5d54325fabc9c34542aecf10c3966655304631ee065e39047a805120ffb7246313f9f33ca1640d05615cd12567995a8c4fd69c075f7a79d1bdce31207c59754cdf270f0ba5a8cf5b5a37c31a5bfa9d688637c06036ea8b8f0bfb166a592789faa694b958ce1dedd3d16021c951682077cf284d10940c49d5df7c65cb6f15a6a669409f3e5dfa992cae1f496a1e3b8cfc5a1705f9cd833a4b8b80afb0c9a0761c2ab54244e5ecb8d8bca6
2024-09-01 22:53:04,205 - INFO - Connected to database: C:/Users/Lenovo/Documents/GitHub/AvizoSecure/AvizoSecure/myFirstFile.avzo
2024-09-01 22:57:00,696 - INFO - Signed by jmp637 
2024-09-01 22:57:00 
Reason: User Login
2024-09-01 22:57:04,256 - INFO - 4363379022d9672484f087b306c36f5d034ce60848e4624cd5322e2b10b1275f63657e430a4c16407e2a85b004046d39ed1d976f4b0b97bfba862a86c29db7f8260a0353900c59254613fc074fb5801a5d6703760ae6b58154dbe44bc87f1edc18ba58a4496204a3e767745fca99ec583fb7c7c4f880cdc3d76551dde458f0018b9782174e70575023af5c29111ef522ce0fbd448b5330c78ad7ab518c0e9d3f12d0a34d1d9dc6c3a821571212448415ca4cf79a013deaf0f0157466f07935f483d8fd57165c008af21b41623cb2afe3512f26bccc05e27397ed79fab2e7a2c8f27225c279a59a27f0ac8f40115132d6ef94326d771fbd51f56a313b8f4e9364
2024-09-01 22:57:10,702 - INFO - Connected to database: C:/Users/Lenovo/Documents/GitHub/AvizoSecure/AvizoSecure/myFirstFile.avzo
2024-09-01 22:58:40,509 - INFO - Image 4 analyzed successfully.
2024-09-01 22:58:48,715 - INFO - Image 2 analyzed successfully.
2024-09-01 22:59:08,664 - INFO - Image 5 analyzed successfully.
2024-09-01 23:00:01,968 - INFO - Signed by jmp637 
2024-09-01 23:00:01 
Reason: Study Completed
2024-09-01 23:00:04,208 - INFO - a738ef7426ba62bd76e48579e7bc9afe2a289cd3e56a1f61f6fc3eaa9594104791464c4b600f934c6c7cb4f95966622e83ca0408e3b56aac3dccdbe7b682b7a5518a929eac7a3c09d8559b0bf1fa3290f1fae1f79f5441e9449b01b4933e4c191763a8d174bbbcb51ab803ba3344a5d0d8909e818d7df6097d59a5840b7573c30ae0839776b3a5777fd8d2cc878b2c70e892859fa844a1a47e27ce99114ce576aa91a962924aad8c3dbf496854c6db176c46d78f78291faf72ca1cfdd842a4506f12cd6c0b489510a9f146d46cbf1594eaade2676b369a67082559f6431ae68890627feff316a91a7f56edfda4718760af1dc1c15af0aa7749ae0ad4dcdfc6a0
